<?xml version="1.0" encoding="UTF-8"?>
<!-- Generated by org.testng.reporters.JUnitReportReporter -->
<testsuite hostname="Biranchis-MacBook-Pro.local" failures="0" tests="1" name="com.amazon.web.Testcases.AddToCartTest" time="36.560" errors="0" timestamp="01 Sep 2023 06:33:29 GMT" skipped="0">
  <testcase classname="com.amazon.web.Testcases.AddToCartTest" name="click_Mobile" time="36.560"/>
</testsuite> <!-- com.amazon.web.Testcases.AddToCartTest -->
