<?xml version="1.0" encoding="UTF-8"?>
<!-- Generated by org.testng.reporters.JUnitReportReporter -->
<testsuite hostname="Biranchis-MacBook-Pro.local" failures="0" tests="3" name="com.amazon.web.Testcases.SearchItemTest" time="54.430" errors="0" timestamp="01 Sep 2023 06:33:29 GMT" skipped="0">
  <testcase classname="com.amazon.web.Testcases.SearchItemTest" name="pageTitleTest" time="13.818"/>
  <testcase classname="com.amazon.web.Testcases.SearchItemTest" name="pageLogoTest" time="13.672"/>
  <testcase classname="com.amazon.web.Testcases.SearchItemTest" name="searchedItemTest" time="26.940"/>
</testsuite> <!-- com.amazon.web.Testcases.SearchItemTest -->
